<?xml version="1.0" encoding="utf-8" ?>
<!DOCTYPE html PUBLIC "-//W3C//DTD XHTML 1.0 Strict//EN"
        "http://www.w3.org/TR/xhtml1/DTD/xhtml1-strict.dtd">
<html xmlns="http://www.w3.org/1999/xhtml" xml:lang="" lang="">
<head>
  <title>Test Results Report - All-tests [Firefox]</title>
  <meta http-equiv="Content-Type" content="text/html;charset=utf-8" />
  <meta name="description" content="TestNG unit test results." />
  <link href="reportng.css" rel="stylesheet" type="text/css" />
    <script type="text/javascript" src="reportng.js"></script>
</head>
<body>
<h1>All-tests [Firefox]</h1>
<p>
  Test duration: 32.342s
</p>



  <table class="resultsTable">
    <tr><th colspan="3" class="header failed">Failed Tests</th></tr>
          <tr>
        <td colspan="3" class="group">com.google.tests.N_0001_SearchResultsClickingSearchButtonUnderSearchFieldTest</td>
      </tr>
            
<tr>
  <td class="method">
                  searchResultsClickingSearchButtonUnderSearchField
      </td>
  <td class="duration">
    0.806s
  </td>
  <td class="result">
        
    
            <div class="testOutput">
                        [17:51:21.311352] Test 'searchResultsClickingSearchButtonUnderSearchField' is started<br />
                                <br /><span  style="font-weight: bold; color: #ff0000">STEP: GO TO https://www.google.com/</span><br />
                                [17:51:21.311352] Navigate to https://www.google.com/<br />
                                [17:51:21.82586] Navigated to: https://www.google.com/<br />
                                <br /><span  style="font-weight: bold; color: #ff0000">STEP: FILL IN SEARCH FIELD</span><br />
                                [17:51:21.8338556] Search for element: [By.name: q]<br />
                                [17:51:21.8698588] Found element: [[FirefoxDriver: firefox on windows (0403a982-0c1d-46dd-b66f-06515dfac4e1)] -> name: q]<br />
                                [17:51:21.897888] Search for element: [By.name: q]<br />
                                [17:51:21.9024124] Found element: [[FirefoxDriver: firefox on windows (0403a982-0c1d-46dd-b66f-06515dfac4e1)] -> name: q]<br />
                                [17:51:21.909944] Change value of textarea: Selenium
<br />
                                [17:51:21.9701549] Changed element: [[FirefoxDriver: firefox on windows (0403a982-0c1d-46dd-b66f-06515dfac4e1)] -> name: q]<br />
                                <br /><span  style="font-weight: bold; color: #ff0000">STEP: CLICK ON ESCAPE BUTTON</span><br />
                                [17:51:21.9701549] Search for element: [By.name: q]<br />
                                [17:51:21.9741557] Found element: [[FirefoxDriver: firefox on windows (0403a982-0c1d-46dd-b66f-06515dfac4e1)] -> name: q]<br />
                                [17:51:21.9946732] Search for element: [By.name: q]<br />
                                [17:51:22.0021623] Found element: [[FirefoxDriver: firefox on windows (0403a982-0c1d-46dd-b66f-06515dfac4e1)] -> name: q]<br />
                                [17:51:22.0061849] Change value of textarea: 
<br />
                                [17:51:22.0141772] Changed element: [[FirefoxDriver: firefox on windows (0403a982-0c1d-46dd-b66f-06515dfac4e1)] -> name: q]<br />
                                <br /><span  style="font-weight: bold; color: #ff0000">STEP: CLICK ON SEARCH BUTTON UNDER SEARCH FIELD</span><br />
                                [17:51:22.0141772] Search for element: [By.cssSelector: center:nth-child(1) > input:nth-child(1)]<br />
                                [17:51:22.0226248] Found element: [[FirefoxDriver: firefox on windows (0403a982-0c1d-46dd-b66f-06515dfac4e1)] -> css selector: center:nth-child(1) > input:nth-child(1)]<br />
                                [17:51:22.0977682] Search for element: [By.cssSelector: center:nth-child(1) > input:nth-child(1)]<br />
                                [17:51:22.1085203] Found element: [[FirefoxDriver: firefox on windows (0403a982-0c1d-46dd-b66f-06515dfac4e1)] -> css selector: center:nth-child(1) > input:nth-child(1)]<br />
                                [17:51:22.1085203] Trying to click on element: [[FirefoxDriver: firefox on windows (0403a982-0c1d-46dd-b66f-06515dfac4e1)] -> css selector: center:nth-child(1) > input:nth-child(1)]<br />
                                [17:51:22.1169731] Test 'searchResultsClickingSearchButtonUnderSearchField' failed<br />
                                <br /><a href="D:\QA\MyProjestsNew\com.google\reports\2023-12-20_17-51-09\screenshots\firefox_com.google.tests.N_0001_SearchResultsClickingSearchButtonUnderSearchFieldTest-2023-12-20_17-51-22.png"><span style="color:#001dff; font-weight: bolder" align="left">FAILED SCREENSHOT FROM 2023-12-20 17-51-22</span><br />
                                <br> <a href='D:\QA\MyProjestsNew\com.google\reports\2023-12-20_17-51-09\screenshots\firefox_com.google.tests.N_0001_SearchResultsClickingSearchButtonUnderSearchFieldTest-2023-12-20_17-51-22.png'> <img style="border-style:groove" src='D:\QA\MyProjestsNew\com.google\reports\2023-12-20_17-51-09\screenshots\firefox_com.google.tests.N_0001_SearchResultsClickingSearchButtonUnderSearchFieldTest-2023-12-20_17-51-22.png' height='600' width='1000'/> </a><br />
                  </div>
    

        <a href="javascript:toggleElement('exception-0', 'block')" title="Click to expand/collapse"><b>org.openqa.selenium.ElementClickInterceptedException: Element &lt;input class=&quot;gNO89b&quot; name=&quot;btnK&quot; type=&quot;submit&quot;&gt; is not clickable at point (884,471) because another element &lt;span&gt; obscures it<br/>
Build info: version: &apos;4.13.0&apos;, revision: &apos;ba948ece5b*&apos;<br/>
System info: os.name: &apos;Windows 11&apos;, os.arch: &apos;amd64&apos;, os.version: &apos;10.0&apos;, java.version: &apos;21.0.1&apos;<br/>
Driver info: org.openqa.selenium.firefox.FirefoxDriver<br/>
Command: [0403a982-0c1d-46dd-b66f-06515dfac4e1, clickElement {id=3997f3be-0e75-41ec-83d8-806bf183b585}]<br/>
Capabilities {acceptInsecureCerts: true, browserName: firefox, browserVersion: 121.0, moz:accessibilityChecks: false, moz:buildID: 20231211174248, moz:debuggerAddress: 127.0.0.1:42558, moz:geckodriverVersion: 0.33.0, moz:headless: false, moz:platformVersion: 10.0, moz:processID: 16468, moz:profile: C:\Users\Admin\AppData\Loca..., moz:shutdownTimeout: 60000, moz:webdriverClick: true, moz:windowless: false, pageLoadStrategy: normal, platformName: windows, proxy: Proxy(), se:cdp: ws://127.0.0.1:42558/devtoo..., se:cdpVersion: 85.0, setWindowRect: true, strictFileInteractability: false, timeouts: {implicit: 0, pageLoad: 300000, script: 30000}, unhandledPromptBehavior: dismiss and notify}<br/>
Element: [[FirefoxDriver: firefox on windows (0403a982-0c1d-46dd-b66f-06515dfac4e1)] -&gt; css selector: center:nth-child(1) &gt; input:nth-child(1)]<br/>
Session ID: 0403a982-0c1d-46dd-b66f-06515dfac4e1</b></a><br />
    <div class="stackTrace" id="exception-0">
              java.base/jdk.internal.reflect.DirectConstructorHandleAccessor.newInstance(DirectConstructorHandleAccessor.java:62)<br />
              java.base/java.lang.reflect.Constructor.newInstanceWithCaller(Constructor.java:502)<br />
              java.base/java.lang.reflect.Constructor.newInstance(Constructor.java:486)<br />
              org.openqa.selenium.remote.codec.w3c.W3CHttpResponseCodec.createException(W3CHttpResponseCodec.java:200)<br />
              org.openqa.selenium.remote.codec.w3c.W3CHttpResponseCodec.decode(W3CHttpResponseCodec.java:133)<br />
              org.openqa.selenium.remote.codec.w3c.W3CHttpResponseCodec.decode(W3CHttpResponseCodec.java:52)<br />
              org.openqa.selenium.remote.HttpCommandExecutor.execute(HttpCommandExecutor.java:191)<br />
              org.openqa.selenium.remote.service.DriverCommandExecutor.invokeExecute(DriverCommandExecutor.java:196)<br />
              org.openqa.selenium.remote.service.DriverCommandExecutor.execute(DriverCommandExecutor.java:171)<br />
              org.openqa.selenium.remote.RemoteWebDriver.execute(RemoteWebDriver.java:602)<br />
              org.openqa.selenium.remote.RemoteWebElement.execute(RemoteWebElement.java:224)<br />
              org.openqa.selenium.remote.RemoteWebElement.click(RemoteWebElement.java:77)<br />
              java.base/jdk.internal.reflect.DirectMethodHandleAccessor.invoke(DirectMethodHandleAccessor.java:103)<br />
              java.base/java.lang.reflect.Method.invoke(Method.java:580)<br />
              org.openqa.selenium.support.events.EventFiringWebDriver$EventFiringWebElement.lambda$new$0(EventFiringWebDriver.java:375)<br />
              jdk.proxy2/jdk.proxy2.$Proxy14.click(Unknown Source)<br />
              org.openqa.selenium.support.events.EventFiringWebDriver$EventFiringWebElement.click(EventFiringWebDriver.java:387)<br />
              com.google.pages.BasePage.actionClickElement(BasePage.java:43)<br />
              com.google.pages.GoogleMainPage.clickSearchButtonUnderSearchFieldWhenSearchFieldIsFilled(GoogleMainPage.java:40)<br />
              com.google.tests.N_0001_SearchResultsClickingSearchButtonUnderSearchFieldTest.searchResultsClickingSearchButtonUnderSearchField(N_0001_SearchResultsClickingSearchButtonUnderSearchFieldTest.java:16)<br />
              java.base/jdk.internal.reflect.DirectMethodHandleAccessor.invoke(DirectMethodHandleAccessor.java:103)<br />
              java.base/java.lang.reflect.Method.invoke(Method.java:580)<br />
              org.testng.internal.invokers.MethodInvocationHelper.invokeMethod(MethodInvocationHelper.java:139)<br />
              org.testng.internal.invokers.TestInvoker.invokeMethod(TestInvoker.java:677)<br />
              org.testng.internal.invokers.TestInvoker.retryFailed(TestInvoker.java:263)<br />
              org.testng.internal.invokers.MethodRunner.runInSequence(MethodRunner.java:62)<br />
              org.testng.internal.invokers.TestInvoker$MethodInvocationAgent.invoke(TestInvoker.java:969)<br />
              org.testng.internal.invokers.TestInvoker.invokeTestMethods(TestInvoker.java:194)<br />
              org.testng.internal.invokers.TestMethodWorker.invokeTestMethods(TestMethodWorker.java:148)<br />
              org.testng.internal.invokers.TestMethodWorker.run(TestMethodWorker.java:128)<br />
              java.base/java.util.ArrayList.forEach(ArrayList.java:1596)<br />
              org.testng.TestRunner.privateRun(TestRunner.java:829)<br />
              org.testng.TestRunner.run(TestRunner.java:602)<br />
              org.testng.SuiteRunner.runTest(SuiteRunner.java:437)<br />
              org.testng.SuiteRunner$SuiteWorker.run(SuiteRunner.java:475)<br />
              org.testng.internal.thread.ThreadUtil.lambda$execute$0(ThreadUtil.java:58)<br />
              java.base/java.util.concurrent.FutureTask.run(FutureTask.java:317)<br />
              java.base/java.util.concurrent.ThreadPoolExecutor.runWorker(ThreadPoolExecutor.java:1144)<br />
              java.base/java.util.concurrent.ThreadPoolExecutor$Worker.run(ThreadPoolExecutor.java:642)<br />
              java.base/java.lang.Thread.run(Thread.java:1583)<br />
                </div>
      </td>
</tr>
      </table>

  <table class="resultsTable" width="100%">
    <tr><th colspan="3" class="header skipped">Skipped Tests</th></tr>
          <tr>
        <td colspan="3" class="group">com.google.tests.N_0001_SearchResultsClickingSearchButtonUnderSearchFieldTest</td>
      </tr>
            
<tr>
  <td class="method">
                  searchResultsClickingSearchButtonUnderSearchField
      </td>
  <td class="duration">
    1.469s
  </td>
  <td class="result">
                               
    
            <div class="testOutput">
                        [17:51:19.8380086] Test 'searchResultsClickingSearchButtonUnderSearchField' is started<br />
                                <br /><span  style="font-weight: bold; color: #ff0000">STEP: GO TO https://www.google.com/</span><br />
                                [17:51:19.8390089] Navigate to https://www.google.com/<br />
                                [17:51:20.863619] Navigated to: https://www.google.com/<br />
                                <br /><span  style="font-weight: bold; color: #ff0000">STEP: FILL IN SEARCH FIELD</span><br />
                                [17:51:20.8806139] Search for element: [By.name: q]<br />
                                [17:51:20.9201719] Found element: [[FirefoxDriver: firefox on windows (0403a982-0c1d-46dd-b66f-06515dfac4e1)] -> name: q]<br />
                                [17:51:20.9950271] Search for element: [By.name: q]<br />
                                [17:51:21.0065543] Found element: [[FirefoxDriver: firefox on windows (0403a982-0c1d-46dd-b66f-06515dfac4e1)] -> name: q]<br />
                                [17:51:21.0145737] Change value of textarea: Selenium
<br />
                                [17:51:21.1351178] Changed element: [[FirefoxDriver: firefox on windows (0403a982-0c1d-46dd-b66f-06515dfac4e1)] -> name: q]<br />
                                <br /><span  style="font-weight: bold; color: #ff0000">STEP: CLICK ON ESCAPE BUTTON</span><br />
                                [17:51:21.13612] Search for element: [By.name: q]<br />
                                [17:51:21.144116] Found element: [[FirefoxDriver: firefox on windows (0403a982-0c1d-46dd-b66f-06515dfac4e1)] -> name: q]<br />
                                [17:51:21.1718274] Search for element: [By.name: q]<br />
                                [17:51:21.17783] Found element: [[FirefoxDriver: firefox on windows (0403a982-0c1d-46dd-b66f-06515dfac4e1)] -> name: q]<br />
                                [17:51:21.1868451] Change value of textarea: 
<br />
                                [17:51:21.2438287] Changed element: [[FirefoxDriver: firefox on windows (0403a982-0c1d-46dd-b66f-06515dfac4e1)] -> name: q]<br />
                                <br /><span  style="font-weight: bold; color: #ff0000">STEP: CLICK ON SEARCH BUTTON UNDER SEARCH FIELD</span><br />
                                [17:51:21.2448288] Search for element: [By.cssSelector: center:nth-child(1) > input:nth-child(1)]<br />
                                [17:51:21.2558302] Found element: [[FirefoxDriver: firefox on windows (0403a982-0c1d-46dd-b66f-06515dfac4e1)] -> css selector: center:nth-child(1) > input:nth-child(1)]<br />
                                [17:51:21.2778285] Search for element: [By.cssSelector: center:nth-child(1) > input:nth-child(1)]<br />
                                [17:51:21.2868354] Found element: [[FirefoxDriver: firefox on windows (0403a982-0c1d-46dd-b66f-06515dfac4e1)] -> css selector: center:nth-child(1) > input:nth-child(1)]<br />
                                [17:51:21.2868354] Trying to click on element: [[FirefoxDriver: firefox on windows (0403a982-0c1d-46dd-b66f-06515dfac4e1)] -> css selector: center:nth-child(1) > input:nth-child(1)]<br />
                                [17:51:21.3093481] Test 'searchResultsClickingSearchButtonUnderSearchField' skipped<br />
                  </div>
    

      </td>
</tr>
      </table>

  <table class="resultsTable">
    <tr><th colspan="3" class="header passed">Passed Tests</th></tr>
          <tr>
        <td colspan="3" class="group">com.google.tests.N_0002_SearchResultsClickingSearchButtonOnDropDownMenuTest</td>
      </tr>
            
<tr>
  <td class="method">
                  searchResultsClickingSearchButtonOnDropDownMenu
      </td>
  <td class="duration">
    5.129s
  </td>
  <td class="result">
        
    
            <div class="testOutput">
                        [17:51:28.5246027] Test 'searchResultsClickingSearchButtonOnDropDownMenu' is started<br />
                                <br /><span  style="font-weight: bold; color: #ff0000">STEP: GO TO https://www.google.com/</span><br />
                                [17:51:28.5326329] Navigate to https://www.google.com/<br />
                                [17:51:29.4984043] Navigated to: https://www.google.com/<br />
                                <br /><span  style="font-weight: bold; color: #ff0000">STEP: FILL IN SEARCH FIELD</span><br />
                                [17:51:29.5099318] Search for element: [By.name: q]<br />
                                [17:51:29.5262466] Found element: [[FirefoxDriver: firefox on windows (b78464cb-57ea-49f2-8e6d-322a05083495)] -> name: q]<br />
                                [17:51:29.5622574] Search for element: [By.name: q]<br />
                                [17:51:29.5702671] Found element: [[FirefoxDriver: firefox on windows (b78464cb-57ea-49f2-8e6d-322a05083495)] -> name: q]<br />
                                [17:51:29.578258] Change value of textarea: Selenium
<br />
                                [17:51:29.6329159] Changed element: [[FirefoxDriver: firefox on windows (b78464cb-57ea-49f2-8e6d-322a05083495)] -> name: q]<br />
                                <br /><span  style="font-weight: bold; color: #ff0000">STEP: CLICK ON SEARCH BUTTON IN DROPDOWN MENU</span><br />
                                [17:51:29.6329159] Search for element: [By.cssSelector: center:nth-child(2) > input:nth-child(1)]<br />
                                [17:51:29.6409211] Found element: [[FirefoxDriver: firefox on windows (b78464cb-57ea-49f2-8e6d-322a05083495)] -> css selector: center:nth-child(2) > input:nth-child(1)]<br />
                                [17:51:30.1718256] Search for element: [By.cssSelector: center:nth-child(2) > input:nth-child(1)]<br />
                                [17:51:30.1798248] Found element: [[FirefoxDriver: firefox on windows (b78464cb-57ea-49f2-8e6d-322a05083495)] -> css selector: center:nth-child(2) > input:nth-child(1)]<br />
                                [17:51:30.1958255] Search for element: [By.cssSelector: center:nth-child(2) > input:nth-child(1)]<br />
                                [17:51:30.2038364] Found element: [[FirefoxDriver: firefox on windows (b78464cb-57ea-49f2-8e6d-322a05083495)] -> css selector: center:nth-child(2) > input:nth-child(1)]<br />
                                [17:51:30.2038364] Trying to click on element: [[FirefoxDriver: firefox on windows (b78464cb-57ea-49f2-8e6d-322a05083495)] -> css selector: center:nth-child(2) > input:nth-child(1)]<br />
                                [17:51:33.6066048] Clicked on element: [[FirefoxDriver: firefox on windows (b78464cb-57ea-49f2-8e6d-322a05083495)] -> css selector: center:nth-child(2) > input:nth-child(1)]<br />
                                [17:51:33.6076048] SEARCH BLOCK IS PRESENT<br />
                                [17:51:33.6076048] Search for element: [By.cssSelector: #rso>div]<br />
                                [17:51:33.614605] Search for element: [By.name: q]<br />
                                [17:51:33.6216451] Found element: [[FirefoxDriver: firefox on windows (b78464cb-57ea-49f2-8e6d-322a05083495)] -> name: q]<br />
                                [17:51:33.6216451] Search for element: [By.name: q]<br />
                                [17:51:33.6266452] Found element: [[FirefoxDriver: firefox on windows (b78464cb-57ea-49f2-8e6d-322a05083495)] -> name: q]<br />
                                [17:51:33.6526514] Get the text from the element: 'textarea' - Selenium<br />
                                [17:51:33.6536609] Test 'searchResultsClickingSearchButtonOnDropDownMenu' success<br />
                  </div>
    

      </td>
</tr>
          <tr>
        <td colspan="3" class="group">com.google.tests.N_0003_SearchResultsClickingEnterButtonTest</td>
      </tr>
            
<tr>
  <td class="method">
                  searchResultsClickingEnterButton
      </td>
  <td class="duration">
    1.594s
  </td>
  <td class="result">
        
    
            <div class="testOutput">
                        [17:51:38.9732324] Test 'searchResultsClickingEnterButton' is started<br />
                                <br /><span  style="font-weight: bold; color: #ff0000">STEP: GO TO https://www.google.com/</span><br />
                                [17:51:38.9732324] Navigate to https://www.google.com/<br />
                                [17:51:39.9427474] Navigated to: https://www.google.com/<br />
                                <br /><span  style="font-weight: bold; color: #ff0000">STEP: FILL IN SEARCH FIELD</span><br />
                                [17:51:39.9477866] Search for element: [By.name: q]<br />
                                [17:51:39.9738749] Found element: [[FirefoxDriver: firefox on windows (94855243-6a6b-4e4f-8c1d-fccabc34e9d6)] -> name: q]<br />
                                [17:51:40.0120502] Search for element: [By.name: q]<br />
                                [17:51:40.0190716] Found element: [[FirefoxDriver: firefox on windows (94855243-6a6b-4e4f-8c1d-fccabc34e9d6)] -> name: q]<br />
                                [17:51:40.0247143] Change value of textarea: Selenium
<br />
                                [17:51:40.0868308] Changed element: [[FirefoxDriver: firefox on windows (94855243-6a6b-4e4f-8c1d-fccabc34e9d6)] -> name: q]<br />
                                <br /><span  style="font-weight: bold; color: #ff0000">STEP: CLICK ON ENTER BUTTON</span><br />
                                [17:51:40.0878279] Search for element: [By.name: q]<br />
                                [17:51:40.0918254] Found element: [[FirefoxDriver: firefox on windows (94855243-6a6b-4e4f-8c1d-fccabc34e9d6)] -> name: q]<br />
                                [17:51:40.1099441] Search for element: [By.name: q]<br />
                                [17:51:40.112946] Found element: [[FirefoxDriver: firefox on windows (94855243-6a6b-4e4f-8c1d-fccabc34e9d6)] -> name: q]<br />
                                [17:51:40.1159517] Change value of textarea: 
<br />
                                [17:51:40.1386919] Changed element: [[FirefoxDriver: firefox on windows (94855243-6a6b-4e4f-8c1d-fccabc34e9d6)] -> name: q]<br />
                                [17:51:40.1386919] SEARCH BLOCK IS PRESENT<br />
                                [17:51:40.1386919] Search for element: [By.cssSelector: #rso>div]<br />
                                [17:51:40.468058] Search for element: [By.name: q]<br />
                                [17:51:40.4800283] Found element: [[FirefoxDriver: firefox on windows (94855243-6a6b-4e4f-8c1d-fccabc34e9d6)] -> name: q]<br />
                                [17:51:40.4800283] Search for element: [By.name: q]<br />
                                [17:51:40.492018] Found element: [[FirefoxDriver: firefox on windows (94855243-6a6b-4e4f-8c1d-fccabc34e9d6)] -> name: q]<br />
                                [17:51:40.5666693] Get the text from the element: 'textarea' - Selenium<br />
                                [17:51:40.5677247] Test 'searchResultsClickingEnterButton' success<br />
                  </div>
    

      </td>
</tr>
          <tr>
        <td colspan="3" class="group">com.google.tests.N_0004_ClickSearchButtonWhenSearchFieldIsEmptyTest</td>
      </tr>
            
<tr>
  <td class="method">
                  clickSearchButtonWhenSearchFieldIsEmpty
      </td>
  <td class="duration">
    1.231s
  </td>
  <td class="result">
        
    
            <div class="testOutput">
                        [17:51:45.5368898] Test 'clickSearchButtonWhenSearchFieldIsEmpty' is started<br />
                                <br /><span  style="font-weight: bold; color: #ff0000">STEP: GO TO https://www.google.com/</span><br />
                                [17:51:45.5378873] Navigate to https://www.google.com/<br />
                                [17:51:46.4246804] Navigated to: https://www.google.com/<br />
                                <br /><span  style="font-weight: bold; color: #ff0000">STEP: CLICK ON SEARCH BUTTON UNDER SEARCH FIELD</span><br />
                                [17:51:46.4296792] Search for element: [By.cssSelector: center:nth-child(1) > input:nth-child(1)]<br />
                                [17:51:46.4486993] Found element: [[FirefoxDriver: firefox on windows (3b01c901-1060-4658-9743-333c90c8009a)] -> css selector: center:nth-child(1) > input:nth-child(1)]<br />
                                [17:51:46.4946984] Search for element: [By.cssSelector: center:nth-child(1) > input:nth-child(1)]<br />
                                [17:51:46.4996986] Found element: [[FirefoxDriver: firefox on windows (3b01c901-1060-4658-9743-333c90c8009a)] -> css selector: center:nth-child(1) > input:nth-child(1)]<br />
                                [17:51:46.4996986] Trying to click on element: [[FirefoxDriver: firefox on windows (3b01c901-1060-4658-9743-333c90c8009a)] -> css selector: center:nth-child(1) > input:nth-child(1)]<br />
                                [17:51:46.7411083] Clicked on element: [[FirefoxDriver: firefox on windows (3b01c901-1060-4658-9743-333c90c8009a)] -> css selector: center:nth-child(1) > input:nth-child(1)]<br />
                                [17:51:46.7411083] EMAIL LINK IS PRESENT<br />
                                [17:51:46.7421641] Search for element: [By.linkText: Gmail]<br />
                                [17:51:46.7671112] Test 'clickSearchButtonWhenSearchFieldIsEmpty' success<br />
                  </div>
    

      </td>
</tr>
      </table>
  
</body>
</html>
