-------------------------------------------------------------------------------
Test set: TestSuite
-------------------------------------------------------------------------------
Tests run: 24, Failures: 1, Errors: 0, Skipped: 0, Time elapsed: 280.696 s <<< FAILURE! - in TestSuite
com.google.tests.N_0005_CountSearchResultTest.countSearchResult  Time elapsed: 76.983 s  <<< FAILURE!
java.lang.AssertionError: expected [190] but found [191]
	at com.google.tests.N_0005_CountSearchResultTest.countSearchResult(N_0005_CountSearchResultTest.java:17)

