<?xml version="1.0" encoding="UTF-8"?>
<testsuite xmlns:xsi="http://www.w3.org/2001/XMLSchema-instance" xsi:noNamespaceSchemaLocation="https://maven.apache.org/surefire/maven-surefire-plugin/xsd/surefire-test-report-3.0.xsd" version="3.0" name="TestSuite" time="292.456" tests="24" errors="0" skipped="0" failures="1">
  <properties>
[...]
</properties>
  <testcase name="searchResultsClickingSearchButtonUnderSearchField" classname="com.google.tests.N_0001_SearchResultsClickingSearchButtonUnderSearchFieldTest" time="1.096"/>
  <testcase name="searchResultsClickingSearchButtonUnderSearchField" classname="com.google.tests.N_0001_SearchResultsClickingSearchButtonUnderSearchFieldTest" time="1.2"/>
  <testcase name="searchResultsClickingSearchButtonUnderSearchField" classname="com.google.tests.N_0001_SearchResultsClickingSearchButtonUnderSearchFieldTest" time="1.248"/>
  <testcase name="searchResultsClickingSearchButtonUnderSearchField" classname="com.google.tests.N_0001_SearchResultsClickingSearchButtonUnderSearchFieldTest" time="1.28"/>
  <testcase name="searchResultsClickingSearchButtonUnderSearchField" classname="com.google.tests.N_0001_SearchResultsClickingSearchButtonUnderSearchFieldTest" time="0.792"/>
  <testcase name="searchResultsClickingSearchButtonOnDropDownMenu" classname="com.google.tests.N_0002_SearchResultsClickingSearchButtonOnDropDownMenuTest" time="0.232"/>
  <testcase name="searchResultsClickingSearchButtonOnDropDownMenu" classname="com.google.tests.N_0002_SearchResultsClickingSearchButtonOnDropDownMenuTest" time="4.8"/>
  <testcase name="searchResultsClickingSearchButtonOnDropDownMenu" classname="com.google.tests.N_0002_SearchResultsClickingSearchButtonOnDropDownMenuTest" time="0.468"/>
  <testcase name="searchResultsClickingSearchButtonOnDropDownMenu" classname="com.google.tests.N_0002_SearchResultsClickingSearchButtonOnDropDownMenuTest" time="0.512"/>
  <testcase name="searchResultsClickingSearchButtonOnDropDownMenu" classname="com.google.tests.N_0002_SearchResultsClickingSearchButtonOnDropDownMenuTest" time="4.112"/>
  <testcase name="searchResultsClickingEnterButton" classname="com.google.tests.N_0003_SearchResultsClickingEnterButtonTest" time="6.135"/>
  <testcase name="searchResultsClickingEnterButton" classname="com.google.tests.N_0003_SearchResultsClickingEnterButtonTest" time="12.468"/>
  <testcase name="searchResultsClickingEnterButton" classname="com.google.tests.N_0003_SearchResultsClickingEnterButtonTest" time="0.208"/>
  <testcase name="searchResultsClickingEnterButton" classname="com.google.tests.N_0003_SearchResultsClickingEnterButtonTest" time="2.536"/>
  <testcase name="searchResultsClickingEnterButton" classname="com.google.tests.N_0003_SearchResultsClickingEnterButtonTest" time="1.536"/>
  <testcase name="clickSearchButtonWhenSearchFieldIsEmpty" classname="com.google.tests.N_0004_ClickSearchButtonWhenSearchFieldIsEmptyTest" time="0.26"/>
  <testcase name="clickSearchButtonWhenSearchFieldIsEmpty" classname="com.google.tests.N_0004_ClickSearchButtonWhenSearchFieldIsEmptyTest" time="0.208"/>
  <testcase name="clickSearchButtonWhenSearchFieldIsEmpty" classname="com.google.tests.N_0004_ClickSearchButtonWhenSearchFieldIsEmptyTest" time="0.372"/>
  <testcase name="clickSearchButtonWhenSearchFieldIsEmpty" classname="com.google.tests.N_0004_ClickSearchButtonWhenSearchFieldIsEmptyTest" time="1.168"/>
  <testcase name="clickSearchButtonWhenSearchFieldIsEmpty" classname="com.google.tests.N_0004_ClickSearchButtonWhenSearchFieldIsEmptyTest" time="2.768"/>
  <testcase name="countSearchResult" classname="com.google.tests.N_0005_CountSearchResultTest" time="10.76">
    <failure message="expected [180] but found [181]" type="java.lang.AssertionError"><![CDATA[java.lang.AssertionError: expected [180] but found [181]
	at com.google.tests.N_0005_CountSearchResultTest.countSearchResult(N_0005_CountSearchResultTest.java:17)
]]></failure>
    <system-out><![CDATA[Found Element By : By.cssSelector: #pnnext > span:nth-child(2)
Trying to find Element By : By.cssSelector: #pnnext > span:nth-child(2)
Found Element By : By.cssSelector: #pnnext > span:nth-child(2)
Trying to click on: [[EdgeDriver: MicrosoftEdge on WINDOWS (4141E725-CFF1-40ED-9660-3524A2823BAA)] -> css selector: #pnnext > span:nth-child(2)]
Clicked on: [[EdgeDriver: MicrosoftEdge on WINDOWS (4141E725-CFF1-40ED-9660-3524A2823BAA)] -> css selector: #pnnext > span:nth-child(2)]
Trying to find Element By : By.cssSelector: #rso>div
Trying to find Element By : By.cssSelector: #pnnext > span:nth-child(2)
Found Element By : By.cssSelector: #pnnext > span:nth-child(2)
Trying to find Element By : By.cssSelector: #pnnext > span:nth-child(2)
Found Element By : By.cssSelector: #pnnext > span:nth-child(2)
Found Element By : By.cssSelector: #rso>div
Trying to find Element By : By.cssSelector: #pnnext > span:nth-child(2)
Found Element By : By.cssSelector: #pnnext > span:nth-child(2)
Trying to click on: [[ChromeDriver: chrome on WINDOWS (f25fd066c3820d0437e0e5fb519665d0)] -> css selector: #pnnext > span:nth-child(2)]
Trying to find Element By : By.cssSelector: #rso>div
Found Element By : By.cssSelector: #rso>div
Before navigating to: 'https://www.google.com/'
Clicked on: [[ChromeDriver: chrome on WINDOWS (f25fd066c3820d0437e0e5fb519665d0)] -> css selector: #pnnext > span:nth-child(2)]
Trying to find Element By : By.cssSelector: #rso>div
Found Element By : By.cssSelector: #rso>div
Trying to find Element By : By.cssSelector: #rso>div
Found Element By : By.cssSelector: #rso>div
Trying to find Element By : By.cssSelector: #pnnext > span:nth-child(2)
Found Element By : By.cssSelector: #pnnext > span:nth-child(2)
Trying to find Element By : By.cssSelector: #pnnext > span:nth-child(2)
Found Element By : By.cssSelector: #pnnext > span:nth-child(2)
Trying to find Element By : By.cssSelector: #pnnext > span:nth-child(2)
Found Element By : By.cssSelector: #pnnext > span:nth-child(2)
Trying to click on: [[EdgeDriver: MicrosoftEdge on WINDOWS (4141E725-CFF1-40ED-9660-3524A2823BAA)] -> css selector: #pnnext > span:nth-child(2)]
Clicked on: [[EdgeDriver: MicrosoftEdge on WINDOWS (4141E725-CFF1-40ED-9660-3524A2823BAA)] -> css selector: #pnnext > span:nth-child(2)]
Trying to find Element By : By.cssSelector: #rso>div
Navigated to:'https://www.google.com/'
Trying to find Element By : By.name: q
Found Element By : By.name: q
Found Element By : By.cssSelector: #rso>div
Trying to find Element By : By.name: q
Found Element By : By.name: q
Change value: [[OperaDriver: opera on WINDOWS (56052eb3ca3bc4e515df1ee5aef54e1f)] -> name: q]
Trying to find Element By : By.cssSelector: #rso>div
Changed element: [[OperaDriver: opera on WINDOWS (56052eb3ca3bc4e515df1ee5aef54e1f)] -> name: q]
Trying to find Element By : By.name: q
Found Element By : By.name: q
Trying to find Element By : By.name: q
Found Element By : By.name: q
Change value: [[OperaDriver: opera on WINDOWS (56052eb3ca3bc4e515df1ee5aef54e1f)] -> name: q]
Trying to find Element By : By.cssSelector: #pnnext > span:nth-child(2)
Found Element By : By.cssSelector: #pnnext > span:nth-child(2)
Trying to find Element By : By.cssSelector: #pnnext > span:nth-child(2)
Found Element By : By.cssSelector: #rso>div
Found Element By : By.cssSelector: #pnnext > span:nth-child(2)
Trying to find Element By : By.cssSelector: #pnnext > span:nth-child(2)
Found Element By : By.cssSelector: #pnnext > span:nth-child(2)
Trying to click on: [[ChromeDriver: chrome on WINDOWS (f25fd066c3820d0437e0e5fb519665d0)] -> css selector: #pnnext > span:nth-child(2)]
Clicked on: [[ChromeDriver: chrome on WINDOWS (f25fd066c3820d0437e0e5fb519665d0)] -> css selector: #pnnext > span:nth-child(2)]
Trying to find Element By : By.cssSelector: #rso>div
Found Element By : By.cssSelector: #rso>div
Trying to find Element By : By.cssSelector: #rso>div
Found Element By : By.cssSelector: #rso>div
Trying to find Element By : By.cssSelector: #pnnext > span:nth-child(2)
Changed element: [[OperaDriver: opera on WINDOWS (56052eb3ca3bc4e515df1ee5aef54e1f)] -> name: q]
Trying to find Element By : By.cssSelector: #rso>div
Found Element By : By.cssSelector: #rso>div
Trying to find Element By : By.cssSelector: #rso>div
Found Element By : By.cssSelector: #pnnext > span:nth-child(2)
Found Element By : By.cssSelector: #rso>div
Trying to find Element By : By.cssSelector: #pnnext > span:nth-child(2)
Trying to find Element By : By.cssSelector: #rso>div
Found Element By : By.cssSelector: #rso>div
Found Element By : By.cssSelector: #pnnext > span:nth-child(2)
Trying to find Element By : By.cssSelector: #pnnext > span:nth-child(2)
Found Element By : By.cssSelector: #pnnext > span:nth-child(2)
Trying to click on: [[EdgeDriver: MicrosoftEdge on WINDOWS (4141E725-CFF1-40ED-9660-3524A2823BAA)] -> css selector: #pnnext > span:nth-child(2)]
Clicked on: [[EdgeDriver: MicrosoftEdge on WINDOWS (4141E725-CFF1-40ED-9660-3524A2823BAA)] -> css selector: #pnnext > span:nth-child(2)]
Trying to find Element By : By.cssSelector: #rso>div
Found Element By : By.cssSelector: #rso>div
Trying to find Element By : By.cssSelector: #pnnext > span:nth-child(2)
Found Element By : By.cssSelector: #pnnext > span:nth-child(2)
Trying to find Element By : By.cssSelector: #pnnext > span:nth-child(2)
Found Element By : By.cssSelector: #pnnext > span:nth-child(2)
Trying to find Element By : By.cssSelector: #pnnext > span:nth-child(2)
Found Element By : By.cssSelector: #pnnext > span:nth-child(2)
Trying to click on: [[ChromeDriver: chrome on WINDOWS (f25fd066c3820d0437e0e5fb519665d0)] -> css selector: #pnnext > span:nth-child(2)]
Trying to find Element By : By.cssSelector: #rso>div
Found Element By : By.cssSelector: #rso>div
Clicked on: [[ChromeDriver: chrome on WINDOWS (f25fd066c3820d0437e0e5fb519665d0)] -> css selector: #pnnext > span:nth-child(2)]
Trying to find Element By : By.cssSelector: #rso>div
Found Element By : By.cssSelector: #rso>div
Trying to find Element By : By.cssSelector: #rso>div
Found Element By : By.cssSelector: #rso>div
Trying to find Element By : By.cssSelector: #pnnext > span:nth-child(2)
Found Element By : By.cssSelector: #pnnext > span:nth-child(2)
Trying to find Element By : By.cssSelector: #pnnext > span:nth-child(2)
Found Element By : By.cssSelector: #pnnext > span:nth-child(2)
Trying to find Element By : By.cssSelector: #pnnext > span:nth-child(2)
Found Element By : By.cssSelector: #pnnext > span:nth-child(2)
Trying to click on: [[OperaDriver: opera on WINDOWS (56052eb3ca3bc4e515df1ee5aef54e1f)] -> css selector: #pnnext > span:nth-child(2)]
Trying to find Element By : By.cssSelector: #pnnext > span:nth-child(2)
Found Element By : By.cssSelector: #pnnext > span:nth-child(2)
Trying to find Element By : By.cssSelector: #pnnext > span:nth-child(2)
Found Element By : By.cssSelector: #pnnext > span:nth-child(2)
Trying to find Element By : By.cssSelector: #pnnext > span:nth-child(2)
Found Element By : By.cssSelector: #pnnext > span:nth-child(2)
Trying to click on: [[EdgeDriver: MicrosoftEdge on WINDOWS (4141E725-CFF1-40ED-9660-3524A2823BAA)] -> css selector: #pnnext > span:nth-child(2)]
Clicked on: [[EdgeDriver: MicrosoftEdge on WINDOWS (4141E725-CFF1-40ED-9660-3524A2823BAA)] -> css selector: #pnnext > span:nth-child(2)]
Trying to find Element By : By.cssSelector: #rso>div
Found Element By : By.cssSelector: #rso>div
Trying to find Element By : By.cssSelector: #pnnext > span:nth-child(2)
Found Element By : By.cssSelector: #pnnext > span:nth-child(2)
Trying to find Element By : By.cssSelector: #pnnext > span:nth-child(2)
Found Element By : By.cssSelector: #pnnext > span:nth-child(2)
Trying to find Element By : By.cssSelector: #pnnext > span:nth-child(2)
Found Element By : By.cssSelector: #pnnext > span:nth-child(2)
Trying to click on: [[ChromeDriver: chrome on WINDOWS (f25fd066c3820d0437e0e5fb519665d0)] -> css selector: #pnnext > span:nth-child(2)]
Trying to find Element By : By.cssSelector: #rso>div
Found Element By : By.cssSelector: #rso>div
Clicked on: [[OperaDriver: opera on WINDOWS (56052eb3ca3bc4e515df1ee5aef54e1f)] -> css selector: #pnnext > span:nth-child(2)]
Trying to find Element By : By.cssSelector: #rso>div
Found Element By : By.cssSelector: #rso>div
Trying to find Element By : By.cssSelector: #rso>div
Found Element By : By.cssSelector: #rso>div
Clicked on: [[ChromeDriver: chrome on WINDOWS (f25fd066c3820d0437e0e5fb519665d0)] -> css selector: #pnnext > span:nth-child(2)]
Trying to find Element By : By.cssSelector: #rso>div
Found Element By : By.cssSelector: #rso>div
Trying to find Element By : By.cssSelector: #rso>div
Found Element By : By.cssSelector: #rso>div
Trying to find Element By : By.cssSelector: #pnnext > span:nth-child(2)
Found Element By : By.cssSelector: #pnnext > span:nth-child(2)
Trying to find Element By : By.cssSelector: #pnnext > span:nth-child(2)
Trying to find Element By : By.cssSelector: #pnnext > span:nth-child(2)
Found Element By : By.cssSelector: #pnnext > span:nth-child(2)
Trying to find Element By : By.cssSelector: #pnnext > span:nth-child(2)
Found Element By : By.cssSelector: #pnnext > span:nth-child(2)
Trying to find Element By : By.cssSelector: #pnnext > span:nth-child(2)
Found Element By : By.cssSelector: #pnnext > span:nth-child(2)
Found Element By : By.cssSelector: #pnnext > span:nth-child(2)
Trying to click on: [[OperaDriver: opera on WINDOWS (56052eb3ca3bc4e515df1ee5aef54e1f)] -> css selector: #pnnext > span:nth-child(2)]
Trying to find Element By : By.cssSelector: #pnnext > span:nth-child(2)
Found Element By : By.cssSelector: #pnnext > span:nth-child(2)
Trying to click on: [[EdgeDriver: MicrosoftEdge on WINDOWS (4141E725-CFF1-40ED-9660-3524A2823BAA)] -> css selector: #pnnext > span:nth-child(2)]
Clicked on: [[EdgeDriver: MicrosoftEdge on WINDOWS (4141E725-CFF1-40ED-9660-3524A2823BAA)] -> css selector: #pnnext > span:nth-child(2)]
Trying to find Element By : By.cssSelector: #rso>div
Trying to find Element By : By.cssSelector: #pnnext > span:nth-child(2)
Found Element By : By.cssSelector: #pnnext > span:nth-child(2)
Trying to find Element By : By.cssSelector: #pnnext > span:nth-child(2)
Found Element By : By.cssSelector: #pnnext > span:nth-child(2)
Trying to find Element By : By.cssSelector: #pnnext > span:nth-child(2)
Found Element By : By.cssSelector: #pnnext > span:nth-child(2)
Trying to click on: [[ChromeDriver: chrome on WINDOWS (f25fd066c3820d0437e0e5fb519665d0)] -> css selector: #pnnext > span:nth-child(2)]
Found Element By : By.cssSelector: #rso>div
Trying to find Element By : By.cssSelector: #rso>div
Clicked on: [[OperaDriver: opera on WINDOWS (56052eb3ca3bc4e515df1ee5aef54e1f)] -> css selector: #pnnext > span:nth-child(2)]
Trying to find Element By : By.cssSelector: #rso>div
Found Element By : By.cssSelector: #rso>div
Trying to find Element By : By.cssSelector: #rso>div
Found Element By : By.cssSelector: #rso>div
Clicked on: [[ChromeDriver: chrome on WINDOWS (f25fd066c3820d0437e0e5fb519665d0)] -> css selector: #pnnext > span:nth-child(2)]
Trying to find Element By : By.cssSelector: #rso>div
Found Element By : By.cssSelector: #rso>div
Found Element By : By.cssSelector: #rso>div
Trying to find Element By : By.cssSelector: #rso>div
Found Element By : By.cssSelector: #rso>div
Trying to find Element By : By.cssSelector: #pnnext > span:nth-child(2)
Found Element By : By.cssSelector: #pnnext > span:nth-child(2)
Trying to find Element By : By.cssSelector: #pnnext > span:nth-child(2)
Found Element By : By.cssSelector: #pnnext > span:nth-child(2)
Trying to find Element By : By.cssSelector: #pnnext > span:nth-child(2)
Found Element By : By.cssSelector: #pnnext > span:nth-child(2)
Trying to click on: [[OperaDriver: opera on WINDOWS (56052eb3ca3bc4e515df1ee5aef54e1f)] -> css selector: #pnnext > span:nth-child(2)]
Trying to find Element By : By.cssSelector: #pnnext > span:nth-child(2)
Found Element By : By.cssSelector: #pnnext > span:nth-child(2)
Trying to find Element By : By.cssSelector: #pnnext > span:nth-child(2)
Trying to find Element By : By.cssSelector: #pnnext > span:nth-child(2)
Found Element By : By.cssSelector: #pnnext > span:nth-child(2)
Trying to find Element By : By.cssSelector: #pnnext > span:nth-child(2)
Found Element By : By.cssSelector: #pnnext > span:nth-child(2)
Trying to find Element By : By.cssSelector: #pnnext > span:nth-child(2)
Found Element By : By.cssSelector: #pnnext > span:nth-child(2)
Trying to find Element By : By.cssSelector: #pnnext > span:nth-child(2)
Found Element By : By.cssSelector: #pnnext > span:nth-child(2)
Trying to click on: [[ChromeDriver: chrome on WINDOWS (f25fd066c3820d0437e0e5fb519665d0)] -> css selector: #pnnext > span:nth-child(2)]
Found Element By : By.cssSelector: #pnnext > span:nth-child(2)
Trying to click on: [[EdgeDriver: MicrosoftEdge on WINDOWS (4141E725-CFF1-40ED-9660-3524A2823BAA)] -> css selector: #pnnext > span:nth-child(2)]
Clicked on: [[EdgeDriver: MicrosoftEdge on WINDOWS (4141E725-CFF1-40ED-9660-3524A2823BAA)] -> css selector: #pnnext > span:nth-child(2)]
Trying to find Element By : By.cssSelector: #rso>div
Clicked on: [[OperaDriver: opera on WINDOWS (56052eb3ca3bc4e515df1ee5aef54e1f)] -> css selector: #pnnext > span:nth-child(2)]
Trying to find Element By : By.cssSelector: #rso>div
Found Element By : By.cssSelector: #rso>div
Trying to find Element By : By.cssSelector: #rso>div
Found Element By : By.cssSelector: #rso>div
Found Element By : By.cssSelector: #rso>div
Clicked on: [[ChromeDriver: chrome on WINDOWS (f25fd066c3820d0437e0e5fb519665d0)] -> css selector: #pnnext > span:nth-child(2)]
Trying to find Element By : By.cssSelector: #rso>div
Found Element By : By.cssSelector: #rso>div
Trying to find Element By : By.cssSelector: #rso>div
Trying to find Element By : By.cssSelector: #rso>div
Found Element By : By.cssSelector: #rso>div
Found Element By : By.cssSelector: #rso>div
Trying to find Element By : By.cssSelector: #pnnext > span:nth-child(2)
Found Element By : By.cssSelector: #pnnext > span:nth-child(2)
Trying to find Element By : By.cssSelector: #pnnext > span:nth-child(2)
Found Element By : By.cssSelector: #pnnext > span:nth-child(2)
Trying to find Element By : By.cssSelector: #pnnext > span:nth-child(2)
Found Element By : By.cssSelector: #pnnext > span:nth-child(2)
Trying to click on: [[OperaDriver: opera on WINDOWS (56052eb3ca3bc4e515df1ee5aef54e1f)] -> css selector: #pnnext > span:nth-child(2)]
Trying to find Element By : By.cssSelector: #pnnext > span:nth-child(2)
Found Element By : By.cssSelector: #pnnext > span:nth-child(2)
Trying to find Element By : By.cssSelector: #pnnext > span:nth-child(2)
Found Element By : By.cssSelector: #pnnext > span:nth-child(2)
Trying to find Element By : By.cssSelector: #pnnext > span:nth-child(2)
Found Element By : By.cssSelector: #pnnext > span:nth-child(2)
Trying to click on: [[EdgeDriver: MicrosoftEdge on WINDOWS (4141E725-CFF1-40ED-9660-3524A2823BAA)] -> css selector: #pnnext > span:nth-child(2)]
Clicked on: [[EdgeDriver: MicrosoftEdge on WINDOWS (4141E725-CFF1-40ED-9660-3524A2823BAA)] -> css selector: #pnnext > span:nth-child(2)]
Trying to find Element By : By.cssSelector: #rso>div
Before navigating to: 'https://www.google.com/'
Clicked on: [[OperaDriver: opera on WINDOWS (56052eb3ca3bc4e515df1ee5aef54e1f)] -> css selector: #pnnext > span:nth-child(2)]
Trying to find Element By : By.cssSelector: #rso>div
Found Element By : By.cssSelector: #rso>div
Trying to find Element By : By.cssSelector: #rso>div
Found Element By : By.cssSelector: #rso>div
Found Element By : By.cssSelector: #rso>div
Trying to find Element By : By.cssSelector: #rso>div
Trying to find Element By : By.cssSelector: #pnnext > span:nth-child(2)
Found Element By : By.cssSelector: #pnnext > span:nth-child(2)
Trying to find Element By : By.cssSelector: #pnnext > span:nth-child(2)
Found Element By : By.cssSelector: #pnnext > span:nth-child(2)
Trying to find Element By : By.cssSelector: #pnnext > span:nth-child(2)
Found Element By : By.cssSelector: #pnnext > span:nth-child(2)
Trying to click on: [[ChromeDriver: chrome on WINDOWS (f25fd066c3820d0437e0e5fb519665d0)] -> css selector: #pnnext > span:nth-child(2)]
Found Element By : By.cssSelector: #rso>div
Navigated to:'https://www.google.com/'
Trying to find Element By : By.name: q
Found Element By : By.name: q
Trying to find Element By : By.name: q
Found Element By : By.name: q
Change value: [[FirefoxDriver: firefox on WINDOWS (e7b261e4-ee0f-447b-8c2d-10fd21798a5b)] -> name: q]
Changed element: [[FirefoxDriver: firefox on WINDOWS (e7b261e4-ee0f-447b-8c2d-10fd21798a5b)] -> name: q]
Trying to find Element By : By.name: q
Found Element By : By.name: q
Trying to find Element By : By.name: q
Found Element By : By.name: q
Change value: [[FirefoxDriver: firefox on WINDOWS (e7b261e4-ee0f-447b-8c2d-10fd21798a5b)] -> name: q]
Clicked on: [[ChromeDriver: chrome on WINDOWS (f25fd066c3820d0437e0e5fb519665d0)] -> css selector: #pnnext > span:nth-child(2)]
Trying to find Element By : By.cssSelector: #rso>div
Changed element: [[FirefoxDriver: firefox on WINDOWS (e7b261e4-ee0f-447b-8c2d-10fd21798a5b)] -> name: q]
Trying to find Element By : By.cssSelector: #rso>div
Found Element By : By.cssSelector: #rso>div
Found Element By : By.cssSelector: #rso>div
Trying to find Element By : By.cssSelector: #rso>div
Found Element By : By.cssSelector: #rso>div
Trying to find Element By : By.cssSelector: #rso>div
Trying to find Element By : By.cssSelector: #rso>div
Found Element By : By.cssSelector: #rso>div
Found Element By : By.cssSelector: #rso>div
Trying to find Element By : By.cssSelector: #pnnext > span:nth-child(2)
Found Element By : By.cssSelector: #pnnext > span:nth-child(2)
Trying to find Element By : By.cssSelector: #pnnext > span:nth-child(2)
Found Element By : By.cssSelector: #pnnext > span:nth-child(2)
Trying to find Element By : By.cssSelector: #pnnext > span:nth-child(2)
Found Element By : By.cssSelector: #pnnext > span:nth-child(2)
Trying to click on: [[OperaDriver: opera on WINDOWS (56052eb3ca3bc4e515df1ee5aef54e1f)] -> css selector: #pnnext > span:nth-child(2)]
Clicked on: [[OperaDriver: opera on WINDOWS (56052eb3ca3bc4e515df1ee5aef54e1f)] -> css selector: #pnnext > span:nth-child(2)]
Trying to find Element By : By.cssSelector: #rso>div
Found Element By : By.cssSelector: #rso>div
Trying to find Element By : By.cssSelector: #rso>div
Found Element By : By.cssSelector: #rso>div
Trying to find Element By : By.cssSelector: #pnnext > span:nth-child(2)
Trying to find Element By : By.cssSelector: #pnnext > span:nth-child(2)
Found Element By : By.cssSelector: #pnnext > span:nth-child(2)
Trying to find Element By : By.cssSelector: #pnnext > span:nth-child(2)
Found Element By : By.cssSelector: #pnnext > span:nth-child(2)
Trying to find Element By : By.cssSelector: #pnnext > span:nth-child(2)
Found Element By : By.cssSelector: #pnnext > span:nth-child(2)
Trying to click on: [[ChromeDriver: chrome on WINDOWS (f25fd066c3820d0437e0e5fb519665d0)] -> css selector: #pnnext > span:nth-child(2)]
Clicked on: [[ChromeDriver: chrome on WINDOWS (f25fd066c3820d0437e0e5fb519665d0)] -> css selector: #pnnext > span:nth-child(2)]
Trying to find Element By : By.cssSelector: #rso>div
Found Element By : By.cssSelector: #rso>div
Trying to find Element By : By.cssSelector: #rso>div
Trying to find Element By : By.cssSelector: #pnnext > span:nth-child(2)
Found Element By : By.cssSelector: #rso>div
Found Element By : By.cssSelector: #pnnext > span:nth-child(2)
Trying to find Element By : By.cssSelector: #pnnext > span:nth-child(2)
Found Element By : By.cssSelector: #pnnext > span:nth-child(2)
Trying to find Element By : By.cssSelector: #pnnext > span:nth-child(2)
Found Element By : By.cssSelector: #pnnext > span:nth-child(2)
Trying to click on: [[OperaDriver: opera on WINDOWS (56052eb3ca3bc4e515df1ee5aef54e1f)] -> css selector: #pnnext > span:nth-child(2)]
Clicked on: [[OperaDriver: opera on WINDOWS (56052eb3ca3bc4e515df1ee5aef54e1f)] -> css selector: #pnnext > span:nth-child(2)]
Trying to find Element By : By.cssSelector: #rso>div
Found Element By : By.cssSelector: #rso>div
Trying to find Element By : By.cssSelector: #rso>div
Found Element By : By.cssSelector: #rso>div
Trying to find Element By : By.cssSelector: #pnnext > span:nth-child(2)
Found Element By : By.cssSelector: #pnnext > span:nth-child(2)
Trying to find Element By : By.cssSelector: #pnnext > span:nth-child(2)
Found Element By : By.cssSelector: #pnnext > span:nth-child(2)
Trying to find Element By : By.cssSelector: #pnnext > span:nth-child(2)
Found Element By : By.cssSelector: #pnnext > span:nth-child(2)
Trying to click on: [[ChromeDriver: chrome on WINDOWS (f25fd066c3820d0437e0e5fb519665d0)] -> css selector: #pnnext > span:nth-child(2)]
Clicked on: [[ChromeDriver: chrome on WINDOWS (f25fd066c3820d0437e0e5fb519665d0)] -> css selector: #pnnext > span:nth-child(2)]
Trying to find Element By : By.cssSelector: #rso>div
Found Element By : By.cssSelector: #rso>div
Trying to find Element By : By.cssSelector: #rso>div
Found Element By : By.cssSelector: #rso>div
Trying to find Element By : By.cssSelector: #pnnext > span:nth-child(2)
Found Element By : By.cssSelector: #pnnext > span:nth-child(2)
Trying to find Element By : By.cssSelector: #pnnext > span:nth-child(2)
Found Element By : By.cssSelector: #pnnext > span:nth-child(2)
Trying to find Element By : By.cssSelector: #pnnext > span:nth-child(2)
Found Element By : By.cssSelector: #pnnext > span:nth-child(2)
Trying to click on: [[OperaDriver: opera on WINDOWS (56052eb3ca3bc4e515df1ee5aef54e1f)] -> css selector: #pnnext > span:nth-child(2)]
Clicked on: [[OperaDriver: opera on WINDOWS (56052eb3ca3bc4e515df1ee5aef54e1f)] -> css selector: #pnnext > span:nth-child(2)]
Trying to find Element By : By.cssSelector: #rso>div
Found Element By : By.cssSelector: #rso>div
Trying to find Element By : By.cssSelector: #pnnext > span:nth-child(2)
Trying to find Element By : By.cssSelector: #rso>div
Found Element By : By.cssSelector: #pnnext > span:nth-child(2)
Trying to find Element By : By.cssSelector: #pnnext > span:nth-child(2)
Found Element By : By.cssSelector: #rso>div
Found Element By : By.cssSelector: #pnnext > span:nth-child(2)
Trying to find Element By : By.cssSelector: #pnnext > span:nth-child(2)
Found Element By : By.cssSelector: #pnnext > span:nth-child(2)
Trying to click on: [[ChromeDriver: chrome on WINDOWS (f25fd066c3820d0437e0e5fb519665d0)] -> css selector: #pnnext > span:nth-child(2)]
Clicked on: [[ChromeDriver: chrome on WINDOWS (f25fd066c3820d0437e0e5fb519665d0)] -> css selector: #pnnext > span:nth-child(2)]
Trying to find Element By : By.cssSelector: #rso>div
Found Element By : By.cssSelector: #rso>div
Trying to find Element By : By.cssSelector: #rso>div
Found Element By : By.cssSelector: #rso>div
Trying to find Element By : By.cssSelector: #pnnext > span:nth-child(2)
Found Element By : By.cssSelector: #pnnext > span:nth-child(2)
Trying to find Element By : By.cssSelector: #pnnext > span:nth-child(2)
Found Element By : By.cssSelector: #pnnext > span:nth-child(2)
Trying to find Element By : By.cssSelector: #pnnext > span:nth-child(2)
Found Element By : By.cssSelector: #pnnext > span:nth-child(2)
Trying to click on: [[FirefoxDriver: firefox on WINDOWS (e7b261e4-ee0f-447b-8c2d-10fd21798a5b)] -> css selector: #pnnext > span:nth-child(2)]
Trying to find Element By : By.cssSelector: #pnnext > span:nth-child(2)
Found Element By : By.cssSelector: #pnnext > span:nth-child(2)
Trying to find Element By : By.cssSelector: #pnnext > span:nth-child(2)
Found Element By : By.cssSelector: #pnnext > span:nth-child(2)
Trying to find Element By : By.cssSelector: #pnnext > span:nth-child(2)
Found Element By : By.cssSelector: #pnnext > span:nth-child(2)
Trying to click on: [[OperaDriver: opera on WINDOWS (56052eb3ca3bc4e515df1ee5aef54e1f)] -> css selector: #pnnext > span:nth-child(2)]
Clicked on: [[OperaDriver: opera on WINDOWS (56052eb3ca3bc4e515df1ee5aef54e1f)] -> css selector: #pnnext > span:nth-child(2)]
Trying to find Element By : By.cssSelector: #rso>div
Found Element By : By.cssSelector: #rso>div
Clicked on: [[FirefoxDriver: firefox on WINDOWS (e7b261e4-ee0f-447b-8c2d-10fd21798a5b)] -> css selector: #pnnext > span:nth-child(2)]
Trying to find Element By : By.cssSelector: #rso>div
Found Element By : By.cssSelector: #rso>div
Trying to find Element By : By.cssSelector: #rso>div
Found Element By : By.cssSelector: #rso>div
Trying to find Element By : By.cssSelector: #pnnext > span:nth-child(2)
Found Element By : By.cssSelector: #pnnext > span:nth-child(2)
Trying to find Element By : By.cssSelector: #pnnext > span:nth-child(2)
Trying to find Element By : By.cssSelector: #rso>div
Found Element By : By.cssSelector: #rso>div
Found Element By : By.cssSelector: #pnnext > span:nth-child(2)
Trying to find Element By : By.cssSelector: #pnnext > span:nth-child(2)
Found Element By : By.cssSelector: #pnnext > span:nth-child(2)
Trying to click on: [[ChromeDriver: chrome on WINDOWS (f25fd066c3820d0437e0e5fb519665d0)] -> css selector: #pnnext > span:nth-child(2)]
Found Element By : By.cssSelector: #pnnext > span:nth-child(2)
Trying to find Element By : By.id: ofr
Found Element By : By.id: ofr
Trying to find Element By : By.id: ofr
Found Element By : By.id: ofr
]]></system-out>
    <system-err><![CDATA[Starting OperaDriver 80.0.3987.100 (3f00c26d457663a424865bbef1179f72eec1b9fe-refs/branch-heads/3987@{#864}) on port 26957
Only local connections are allowed.
Please protect ports used by OperaDriver and related test frameworks to prevent access by malicious code.
1591895993478	Marionette	ERROR	[24] No reply from Marionette:Register
[1591895996.219][WARNING]: This version of OperaDriver has not been tested with Opera version 81.
Jun 11, 2020 8:19:56 PM org.openqa.selenium.remote.ProtocolHandshake createSession
INFO: Detected dialect: OSS

###!!! [Child][RunMessage] Error: Channel closing: too late to send/recv, messages will be lost

[1591895998.977][SEVERE]: Timed out receiving message from renderer: 0.100
[1591895999.224][SEVERE]: Timed out receiving message from renderer: 0.100

###!!! [Child][MessageChannel::SendAndWait] Error: Channel error: cannot send/recv

[1591895999.426][SEVERE]: Timed out receiving message from renderer: 0.100
[1591896000.078][SEVERE]: Timed out receiving message from renderer: 0.100
A content process crashed and MOZ_CRASHREPORTER_SHUTDOWN is set, shutting down
A content process crashed and MOZ_CRASHREPORTER_SHUTDOWN is set, shutting down
JavaScript error: resource:///modules/sessionstore/SessionStore.jsm, line 5267: NS_ERROR_UNEXPECTED: Component returned failure code: 0x8000ffff (NS_ERROR_UNEXPECTED) [nsIWindowMediator.getEnumerator]
[1591896002.015][SEVERE]: Timed out receiving message from renderer: 0.100
[1591896002.302][SEVERE]: Timed out receiving message from renderer: 0.100
[1591896002.708][SEVERE]: Timed out receiving message from renderer: 0.100
[1591896003.033][SEVERE]: Timed out receiving message from renderer: 0.100
[1591896003.194][SEVERE]: Timed out receiving message from renderer: 0.100
[1591896003.478][SEVERE]: Timed out receiving message from renderer: 0.100
[1591896003.775][SEVERE]: Timed out receiving message from renderer: 0.100
[1591896004.607][SEVERE]: Timed out receiving message from renderer: 0.100
[1591896010.936][SEVERE]: Timed out receiving message from renderer: 0.100
[1591896011.092][SEVERE]: Timed out receiving message from renderer: 0.100
[1591896011.338][SEVERE]: Timed out receiving message from renderer: 0.100
[1591896011.743][SEVERE]: Timed out receiving message from renderer: 0.100
[1591896012.033][SEVERE]: Timed out receiving message from renderer: 0.100
[1591896012.151][SEVERE]: Timed out receiving message from renderer: 0.100
[1591896012.268][SEVERE]: Timed out receiving message from renderer: 0.100
[1591896017.153][SEVERE]: Timed out receiving message from renderer: 0.100
[1591896017.256][SEVERE]: Timed out receiving message from renderer: 0.100
[1591896017.478][SEVERE]: Timed out receiving message from renderer: 0.100
[1591896017.742][SEVERE]: Timed out receiving message from renderer: 0.100
[1591896017.998][SEVERE]: Timed out receiving message from renderer: 0.100
[1591896018.104][SEVERE]: Timed out receiving message from renderer: 0.100
Jun 11, 2020 8:20:20 PM org.openqa.selenium.os.OsProcess destroy
INFO: Unable to drain process streams. Ignoring but the exception being swallowed follows.
org.apache.commons.exec.ExecuteException: The stop timeout of 2000 ms was exceeded (Exit value: -559038737)
	at org.apache.commons.exec.PumpStreamHandler.stopThread(PumpStreamHandler.java:295)
	at org.apache.commons.exec.PumpStreamHandler.stop(PumpStreamHandler.java:181)
	at org.openqa.selenium.os.OsProcess.destroy(OsProcess.java:136)
	at org.openqa.selenium.os.CommandLine.destroy(CommandLine.java:153)
	at org.openqa.selenium.remote.service.DriverService.stop(DriverService.java:232)
	at org.openqa.selenium.remote.service.DriverCommandExecutor.execute(DriverCommandExecutor.java:95)
	at org.openqa.selenium.remote.RemoteWebDriver.execute(RemoteWebDriver.java:552)
	at org.openqa.selenium.remote.RemoteWebDriver.execute(RemoteWebDriver.java:609)
	at org.openqa.selenium.remote.RemoteWebDriver.quit(RemoteWebDriver.java:452)
	at jdk.internal.reflect.GeneratedMethodAccessor25.invoke(Unknown Source)
	at java.base/jdk.internal.reflect.DelegatingMethodAccessorImpl.invoke(DelegatingMethodAccessorImpl.java:43)
	at java.base/java.lang.reflect.Method.invoke(Method.java:567)
	at org.openqa.selenium.support.events.EventFiringWebDriver.lambda$new$1(EventFiringWebDriver.java:105)
	at com.sun.proxy.$Proxy13.quit(Unknown Source)
	at org.openqa.selenium.support.events.EventFiringWebDriver.quit(EventFiringWebDriver.java:211)
	at com.google.tests.BaseTest.tearDownDriver(BaseTest.java:51)
	at jdk.internal.reflect.GeneratedMethodAccessor24.invoke(Unknown Source)
	at java.base/jdk.internal.reflect.DelegatingMethodAccessorImpl.invoke(DelegatingMethodAccessorImpl.java:43)
	at java.base/java.lang.reflect.Method.invoke(Method.java:567)
	at org.testng.internal.MethodInvocationHelper.invokeMethod(MethodInvocationHelper.java:134)
	at org.testng.internal.MethodInvocationHelper.invokeMethodConsideringTimeout(MethodInvocationHelper.java:63)
	at org.testng.internal.ConfigInvoker.invokeConfigurationMethod(ConfigInvoker.java:348)
	at org.testng.internal.ConfigInvoker.invokeConfigurations(ConfigInvoker.java:302)
	at org.testng.internal.TestMethodWorker.invokeAfterClassMethods(TestMethodWorker.java:217)
	at org.testng.internal.TestMethodWorker.run(TestMethodWorker.java:130)
	at java.base/java.util.ArrayList.forEach(ArrayList.java:1507)
	at org.testng.TestRunner.privateRun(TestRunner.java:766)
	at org.testng.TestRunner.run(TestRunner.java:587)
	at org.testng.SuiteRunner.runTest(SuiteRunner.java:384)
	at org.testng.SuiteRunner.access$000(SuiteRunner.java:28)
	at org.testng.SuiteRunner$SuiteWorker.run(SuiteRunner.java:425)
	at org.testng.internal.thread.ThreadUtil.lambda$execute$0(ThreadUtil.java:68)
	at java.base/java.util.concurrent.FutureTask.run(FutureTask.java:264)
	at java.base/java.util.concurrent.ThreadPoolExecutor.runWorker(ThreadPoolExecutor.java:1128)
	at java.base/java.util.concurrent.ThreadPoolExecutor$Worker.run(ThreadPoolExecutor.java:628)
	at java.base/java.lang.Thread.run(Thread.java:830)

Jun 11, 2020 8:20:20 PM org.openqa.selenium.os.OsProcess destroy
SEVERE: Unable to kill process Process[pid=24984, exitValue=1]
1591896021412	mozrunner::runner	INFO	Running command: "C:\\Program Files\\Mozilla Firefox\\firefox.exe" "-marionette" "-foreground" "-no-remote" "-profile" "C:\\Users\\olegn\\AppData\\Local\\Temp\\rust_mozprofileJpednc"
[1591896021.526][SEVERE]: Timed out receiving message from renderer: 0.100
[1591896021.839][SEVERE]: Timed out receiving message from renderer: 0.100
[1591896022.067][SEVERE]: Timed out receiving message from renderer: 0.100
[1591896022.550][SEVERE]: Timed out receiving message from renderer: 0.100
JavaScript error: resource://gre/modules/XULStore.jsm, line 66: Error: Can't find profile directory.
[1591896028.804][SEVERE]: Timed out receiving message from renderer: 0.100
1591896028994	Marionette	INFO	Listening on port 62134
[1591896029.231][SEVERE]: Timed out receiving message from renderer: 0.100
1591896029318	Marionette	WARN	TLS certificate errors will be ignored for this session
Jun 11, 2020 8:20:29 PM org.openqa.selenium.remote.ProtocolHandshake createSession
INFO: Detected dialect: W3C
[1591896029.558][SEVERE]: Timed out receiving message from renderer: 0.100
JavaScript error: resource://gre/modules/URIFixup.jsm, line 203: NS_ERROR_FAILURE: Should pass a non-null uri
[1591896035.799][SEVERE]: Timed out receiving message from renderer: 0.100
[1591896036.299][SEVERE]: Timed out receiving message from renderer: 0.100
[1591896041.241][SEVERE]: Timed out receiving message from renderer: 0.100
[1591896041.376][SEVERE]: Timed out receiving message from renderer: 0.100
[1591896041.585][SEVERE]: Timed out receiving message from renderer: 0.100
[1591896041.801][SEVERE]: Timed out receiving message from renderer: 0.100
[1591896046.270][SEVERE]: Timed out receiving message from renderer: 0.100
[1591896046.423][SEVERE]: Timed out receiving message from renderer: 0.100
[1591896050.019][SEVERE]: Timed out receiving message from renderer: 0.100
[1591896050.124][SEVERE]: Timed out receiving message from renderer: 0.100
[1591896050.238][SEVERE]: Timed out receiving message from renderer: 0.100
]]></system-err>
  </testcase>
  <testcase name="countSearchResult" classname="com.google.tests.N_0005_CountSearchResultTest" time="42.938"/>
  <testcase name="countSearchResult" classname="com.google.tests.N_0005_CountSearchResultTest" time="52.242"/>
  <testcase name="countSearchResult" classname="com.google.tests.N_0005_CountSearchResultTest" time="78.727"/>
</testsuite>