<?xml version="1.0" encoding="utf-8" ?>
<!DOCTYPE html PUBLIC "-//W3C//DTD XHTML 1.0 Strict//EN"
        "http://www.w3.org/TR/xhtml1/DTD/xhtml1-strict.dtd">
<html xmlns="http://www.w3.org/1999/xhtml" xml:lang="" lang="">
<head>
  <title>Test Results Report - All-tests [Firefox]</title>
  <meta http-equiv="Content-Type" content="text/html;charset=utf-8" />
  <meta name="description" content="TestNG unit test results." />
  <link href="reportng.css" rel="stylesheet" type="text/css" />
    <script type="text/javascript" src="reportng.js"></script>
</head>
<body>
<h1>All-tests [Firefox]</h1>
<p>
  Test duration: 30.374s
</p>



  <table class="resultsTable">
    <tr><th colspan="3" class="header failed">Failed Tests</th></tr>
          <tr>
        <td colspan="3" class="group">com.google.tests.N_0001_SearchResultsClickingSearchButtonUnderSearchFieldTest</td>
      </tr>
            
<tr>
  <td class="method">
                  searchResultsClickingSearchButtonUnderSearchField
      </td>
  <td class="duration">
    0.698s
  </td>
  <td class="result">
        
    
            <div class="testOutput">
                        [18:02:49.5480782] Test 'searchResultsClickingSearchButtonUnderSearchField' is started<br />
                                <br /><span  style="font-weight: bold; color: #ff0000">STEP: GO TO https://www.google.com/</span><br />
                                [18:02:49.5480782] Navigate to https://www.google.com/<br />
                                [18:02:50.0347] Navigated to: https://www.google.com/<br />
                                <br /><span  style="font-weight: bold; color: #ff0000">STEP: FILL IN SEARCH FIELD</span><br />
                                [18:02:50.0386996] Search for element: [By.name: q]<br />
                                [18:02:50.0437026] Found element: [[FirefoxDriver: firefox on windows (63d7990f-36f6-478c-a71a-53a90d84d45e)] -> name: q]<br />
                                [18:02:50.0606991] Search for element: [By.name: q]<br />
                                [18:02:50.0676999] Found element: [[FirefoxDriver: firefox on windows (63d7990f-36f6-478c-a71a-53a90d84d45e)] -> name: q]<br />
                                [18:02:50.070732] Change value of textarea: Selenium
<br />
                                [18:02:50.1339078] Changed element: [[FirefoxDriver: firefox on windows (63d7990f-36f6-478c-a71a-53a90d84d45e)] -> name: q]<br />
                                <br /><span  style="font-weight: bold; color: #ff0000">STEP: CLICK ON ESCAPE BUTTON</span><br />
                                [18:02:50.1349081] Search for element: [By.name: q]<br />
                                [18:02:50.1389106] Found element: [[FirefoxDriver: firefox on windows (63d7990f-36f6-478c-a71a-53a90d84d45e)] -> name: q]<br />
                                [18:02:50.1589075] Search for element: [By.name: q]<br />
                                [18:02:50.1639074] Found element: [[FirefoxDriver: firefox on windows (63d7990f-36f6-478c-a71a-53a90d84d45e)] -> name: q]<br />
                                [18:02:50.1689099] Change value of textarea: 
<br />
                                [18:02:50.1789177] Changed element: [[FirefoxDriver: firefox on windows (63d7990f-36f6-478c-a71a-53a90d84d45e)] -> name: q]<br />
                                <br /><span  style="font-weight: bold; color: #ff0000">STEP: CLICK ON SEARCH BUTTON UNDER SEARCH FIELD</span><br />
                                [18:02:50.179918] Search for element: [By.cssSelector: center:nth-child(1) > input:nth-child(1)]<br />
                                [18:02:50.1984299] Found element: [[FirefoxDriver: firefox on windows (63d7990f-36f6-478c-a71a-53a90d84d45e)] -> css selector: center:nth-child(1) > input:nth-child(1)]<br />
                                [18:02:50.2296658] Search for element: [By.cssSelector: center:nth-child(1) > input:nth-child(1)]<br />
                                [18:02:50.2376637] Found element: [[FirefoxDriver: firefox on windows (63d7990f-36f6-478c-a71a-53a90d84d45e)] -> css selector: center:nth-child(1) > input:nth-child(1)]<br />
                                [18:02:50.2376637] Trying to click on element: [[FirefoxDriver: firefox on windows (63d7990f-36f6-478c-a71a-53a90d84d45e)] -> css selector: center:nth-child(1) > input:nth-child(1)]<br />
                                [18:02:50.2466638] Test 'searchResultsClickingSearchButtonUnderSearchField' failed<br />
                                <br /><a href="D:\QA\MyProjestsNew\com.google\reports\2023-12-20_18-02-41\screenshots\firefox_com.google.tests.N_0001_SearchResultsClickingSearchButtonUnderSearchFieldTest-2023-12-20_18-02-50.png"><span style="color:#001dff; font-weight: bolder" align="left">FAILED SCREENSHOT FROM 2023-12-20 18-02-50</span><br />
                                <br> <a href='D:\QA\MyProjestsNew\com.google\reports\2023-12-20_18-02-41\screenshots\firefox_com.google.tests.N_0001_SearchResultsClickingSearchButtonUnderSearchFieldTest-2023-12-20_18-02-50.png'> <img style="border-style:groove" src='D:\QA\MyProjestsNew\com.google\reports\2023-12-20_18-02-41\screenshots\firefox_com.google.tests.N_0001_SearchResultsClickingSearchButtonUnderSearchFieldTest-2023-12-20_18-02-50.png' height='600' width='1000'/> </a><br />
                  </div>
    

        <a href="javascript:toggleElement('exception-0', 'block')" title="Click to expand/collapse"><b>org.openqa.selenium.ElementClickInterceptedException: Element &lt;input class=&quot;gNO89b&quot; name=&quot;btnK&quot; type=&quot;submit&quot;&gt; is not clickable at point (884,471) because another element &lt;span&gt; obscures it<br/>
Build info: version: &apos;4.13.0&apos;, revision: &apos;ba948ece5b*&apos;<br/>
System info: os.name: &apos;Windows 11&apos;, os.arch: &apos;amd64&apos;, os.version: &apos;10.0&apos;, java.version: &apos;21.0.1&apos;<br/>
Driver info: org.openqa.selenium.firefox.FirefoxDriver<br/>
Command: [63d7990f-36f6-478c-a71a-53a90d84d45e, clickElement {id=e7a207af-5cb4-4837-9f70-c61462d37aab}]<br/>
Capabilities {acceptInsecureCerts: true, browserName: firefox, browserVersion: 121.0, moz:accessibilityChecks: false, moz:buildID: 20231211174248, moz:debuggerAddress: 127.0.0.1:13548, moz:geckodriverVersion: 0.33.0, moz:headless: false, moz:platformVersion: 10.0, moz:processID: 14852, moz:profile: C:\Users\Admin\AppData\Loca..., moz:shutdownTimeout: 60000, moz:webdriverClick: true, moz:windowless: false, pageLoadStrategy: normal, platformName: windows, proxy: Proxy(), se:cdp: ws://127.0.0.1:13548/devtoo..., se:cdpVersion: 85.0, setWindowRect: true, strictFileInteractability: false, timeouts: {implicit: 0, pageLoad: 300000, script: 30000}, unhandledPromptBehavior: dismiss and notify}<br/>
Element: [[FirefoxDriver: firefox on windows (63d7990f-36f6-478c-a71a-53a90d84d45e)] -&gt; css selector: center:nth-child(1) &gt; input:nth-child(1)]<br/>
Session ID: 63d7990f-36f6-478c-a71a-53a90d84d45e</b></a><br />
    <div class="stackTrace" id="exception-0">
              java.base/jdk.internal.reflect.DirectConstructorHandleAccessor.newInstance(DirectConstructorHandleAccessor.java:62)<br />
              java.base/java.lang.reflect.Constructor.newInstanceWithCaller(Constructor.java:502)<br />
              java.base/java.lang.reflect.Constructor.newInstance(Constructor.java:486)<br />
              org.openqa.selenium.remote.codec.w3c.W3CHttpResponseCodec.createException(W3CHttpResponseCodec.java:200)<br />
              org.openqa.selenium.remote.codec.w3c.W3CHttpResponseCodec.decode(W3CHttpResponseCodec.java:133)<br />
              org.openqa.selenium.remote.codec.w3c.W3CHttpResponseCodec.decode(W3CHttpResponseCodec.java:52)<br />
              org.openqa.selenium.remote.HttpCommandExecutor.execute(HttpCommandExecutor.java:191)<br />
              org.openqa.selenium.remote.service.DriverCommandExecutor.invokeExecute(DriverCommandExecutor.java:196)<br />
              org.openqa.selenium.remote.service.DriverCommandExecutor.execute(DriverCommandExecutor.java:171)<br />
              org.openqa.selenium.remote.RemoteWebDriver.execute(RemoteWebDriver.java:602)<br />
              org.openqa.selenium.remote.RemoteWebElement.execute(RemoteWebElement.java:224)<br />
              org.openqa.selenium.remote.RemoteWebElement.click(RemoteWebElement.java:77)<br />
              java.base/jdk.internal.reflect.DirectMethodHandleAccessor.invoke(DirectMethodHandleAccessor.java:103)<br />
              java.base/java.lang.reflect.Method.invoke(Method.java:580)<br />
              org.openqa.selenium.support.events.EventFiringWebDriver$EventFiringWebElement.lambda$new$0(EventFiringWebDriver.java:375)<br />
              jdk.proxy2/jdk.proxy2.$Proxy14.click(Unknown Source)<br />
              org.openqa.selenium.support.events.EventFiringWebDriver$EventFiringWebElement.click(EventFiringWebDriver.java:387)<br />
              com.google.pages.BasePage.actionClickElement(BasePage.java:43)<br />
              com.google.pages.GoogleMainPage.clickSearchButtonUnderSearchFieldWhenSearchFieldIsFilled(GoogleMainPage.java:40)<br />
              com.google.tests.N_0001_SearchResultsClickingSearchButtonUnderSearchFieldTest.searchResultsClickingSearchButtonUnderSearchField(N_0001_SearchResultsClickingSearchButtonUnderSearchFieldTest.java:16)<br />
              java.base/jdk.internal.reflect.DirectMethodHandleAccessor.invoke(DirectMethodHandleAccessor.java:103)<br />
              java.base/java.lang.reflect.Method.invoke(Method.java:580)<br />
              org.testng.internal.invokers.MethodInvocationHelper.invokeMethod(MethodInvocationHelper.java:139)<br />
              org.testng.internal.invokers.TestInvoker.invokeMethod(TestInvoker.java:677)<br />
              org.testng.internal.invokers.TestInvoker.retryFailed(TestInvoker.java:263)<br />
              org.testng.internal.invokers.MethodRunner.runInSequence(MethodRunner.java:62)<br />
              org.testng.internal.invokers.TestInvoker$MethodInvocationAgent.invoke(TestInvoker.java:969)<br />
              org.testng.internal.invokers.TestInvoker.invokeTestMethods(TestInvoker.java:194)<br />
              org.testng.internal.invokers.TestMethodWorker.invokeTestMethods(TestMethodWorker.java:148)<br />
              org.testng.internal.invokers.TestMethodWorker.run(TestMethodWorker.java:128)<br />
              java.base/java.util.ArrayList.forEach(ArrayList.java:1596)<br />
              org.testng.TestRunner.privateRun(TestRunner.java:829)<br />
              org.testng.TestRunner.run(TestRunner.java:602)<br />
              org.testng.SuiteRunner.runTest(SuiteRunner.java:437)<br />
              org.testng.SuiteRunner$SuiteWorker.run(SuiteRunner.java:475)<br />
              org.testng.internal.thread.ThreadUtil.lambda$execute$0(ThreadUtil.java:58)<br />
              java.base/java.util.concurrent.FutureTask.run(FutureTask.java:317)<br />
              java.base/java.util.concurrent.ThreadPoolExecutor.runWorker(ThreadPoolExecutor.java:1144)<br />
              java.base/java.util.concurrent.ThreadPoolExecutor$Worker.run(ThreadPoolExecutor.java:642)<br />
              java.base/java.lang.Thread.run(Thread.java:1583)<br />
                </div>
      </td>
</tr>
      </table>

  <table class="resultsTable" width="100%">
    <tr><th colspan="3" class="header skipped">Skipped Tests</th></tr>
          <tr>
        <td colspan="3" class="group">com.google.tests.N_0001_SearchResultsClickingSearchButtonUnderSearchFieldTest</td>
      </tr>
            
<tr>
  <td class="method">
                  searchResultsClickingSearchButtonUnderSearchField
      </td>
  <td class="duration">
    1.177s
  </td>
  <td class="result">
                               
    
            <div class="testOutput">
                        [18:02:48.3691246] Test 'searchResultsClickingSearchButtonUnderSearchField' is started<br />
                                <br /><span  style="font-weight: bold; color: #ff0000">STEP: GO TO https://www.google.com/</span><br />
                                [18:02:48.3691246] Navigate to https://www.google.com/<br />
                                [18:02:49.3003057] Navigated to: https://www.google.com/<br />
                                <br /><span  style="font-weight: bold; color: #ff0000">STEP: FILL IN SEARCH FIELD</span><br />
                                [18:02:49.3053043] Search for element: [By.name: q]<br />
                                [18:02:49.3203058] Found element: [[FirefoxDriver: firefox on windows (63d7990f-36f6-478c-a71a-53a90d84d45e)] -> name: q]<br />
                                [18:02:49.352328] Search for element: [By.name: q]<br />
                                [18:02:49.3603049] Found element: [[FirefoxDriver: firefox on windows (63d7990f-36f6-478c-a71a-53a90d84d45e)] -> name: q]<br />
                                [18:02:49.3653065] Change value of textarea: Selenium
<br />
                                [18:02:49.42351] Changed element: [[FirefoxDriver: firefox on windows (63d7990f-36f6-478c-a71a-53a90d84d45e)] -> name: q]<br />
                                <br /><span  style="font-weight: bold; color: #ff0000">STEP: CLICK ON ESCAPE BUTTON</span><br />
                                [18:02:49.42351] Search for element: [By.name: q]<br />
                                [18:02:49.4285088] Found element: [[FirefoxDriver: firefox on windows (63d7990f-36f6-478c-a71a-53a90d84d45e)] -> name: q]<br />
                                [18:02:49.4475134] Search for element: [By.name: q]<br />
                                [18:02:49.4515095] Found element: [[FirefoxDriver: firefox on windows (63d7990f-36f6-478c-a71a-53a90d84d45e)] -> name: q]<br />
                                [18:02:49.455509] Change value of textarea: 
<br />
                                [18:02:49.4605143] Changed element: [[FirefoxDriver: firefox on windows (63d7990f-36f6-478c-a71a-53a90d84d45e)] -> name: q]<br />
                                <br /><span  style="font-weight: bold; color: #ff0000">STEP: CLICK ON SEARCH BUTTON UNDER SEARCH FIELD</span><br />
                                [18:02:49.4605143] Search for element: [By.cssSelector: center:nth-child(1) > input:nth-child(1)]<br />
                                [18:02:49.4665394] Found element: [[FirefoxDriver: firefox on windows (63d7990f-36f6-478c-a71a-53a90d84d45e)] -> css selector: center:nth-child(1) > input:nth-child(1)]<br />
                                [18:02:49.5270774] Search for element: [By.cssSelector: center:nth-child(1) > input:nth-child(1)]<br />
                                [18:02:49.5330801] Found element: [[FirefoxDriver: firefox on windows (63d7990f-36f6-478c-a71a-53a90d84d45e)] -> css selector: center:nth-child(1) > input:nth-child(1)]<br />
                                [18:02:49.5330801] Trying to click on element: [[FirefoxDriver: firefox on windows (63d7990f-36f6-478c-a71a-53a90d84d45e)] -> css selector: center:nth-child(1) > input:nth-child(1)]<br />
                                [18:02:49.5460785] Test 'searchResultsClickingSearchButtonUnderSearchField' skipped<br />
                  </div>
    

      </td>
</tr>
      </table>

  <table class="resultsTable">
    <tr><th colspan="3" class="header passed">Passed Tests</th></tr>
          <tr>
        <td colspan="3" class="group">com.google.tests.N_0002_SearchResultsClickingSearchButtonOnDropDownMenuTest</td>
      </tr>
            
<tr>
  <td class="method">
                  searchResultsClickingSearchButtonOnDropDownMenu
      </td>
  <td class="duration">
    4.747s
  </td>
  <td class="result">
        
    
            <div class="testOutput">
                        [18:02:55.0927718] Test 'searchResultsClickingSearchButtonOnDropDownMenu' is started<br />
                                <br /><span  style="font-weight: bold; color: #ff0000">STEP: GO TO https://www.google.com/</span><br />
                                [18:02:55.0927718] Navigate to https://www.google.com/<br />
                                [18:02:55.9692405] Navigated to: https://www.google.com/<br />
                                <br /><span  style="font-weight: bold; color: #ff0000">STEP: FILL IN SEARCH FIELD</span><br />
                                [18:02:55.9812657] Search for element: [By.name: q]<br />
                                [18:02:56.0290489] Found element: [[FirefoxDriver: firefox on windows (78196e5e-ff5b-429a-ad00-e5cfaddf9161)] -> name: q]<br />
                                [18:02:56.0761097] Search for element: [By.name: q]<br />
                                [18:02:56.0841152] Found element: [[FirefoxDriver: firefox on windows (78196e5e-ff5b-429a-ad00-e5cfaddf9161)] -> name: q]<br />
                                [18:02:56.0931297] Change value of textarea: Selenium
<br />
                                [18:02:56.2084129] Changed element: [[FirefoxDriver: firefox on windows (78196e5e-ff5b-429a-ad00-e5cfaddf9161)] -> name: q]<br />
                                <br /><span  style="font-weight: bold; color: #ff0000">STEP: CLICK ON SEARCH BUTTON IN DROPDOWN MENU</span><br />
                                [18:02:56.2099258] Search for element: [By.cssSelector: center:nth-child(2) > input:nth-child(1)]<br />
                                [18:02:56.2179435] Found element: [[FirefoxDriver: firefox on windows (78196e5e-ff5b-429a-ad00-e5cfaddf9161)] -> css selector: center:nth-child(2) > input:nth-child(1)]<br />
                                [18:02:56.7463636] Search for element: [By.cssSelector: center:nth-child(2) > input:nth-child(1)]<br />
                                [18:02:56.7503874] Found element: [[FirefoxDriver: firefox on windows (78196e5e-ff5b-429a-ad00-e5cfaddf9161)] -> css selector: center:nth-child(2) > input:nth-child(1)]<br />
                                [18:02:56.7744673] Search for element: [By.cssSelector: center:nth-child(2) > input:nth-child(1)]<br />
                                [18:02:56.7824843] Found element: [[FirefoxDriver: firefox on windows (78196e5e-ff5b-429a-ad00-e5cfaddf9161)] -> css selector: center:nth-child(2) > input:nth-child(1)]<br />
                                [18:02:56.7824843] Trying to click on element: [[FirefoxDriver: firefox on windows (78196e5e-ff5b-429a-ad00-e5cfaddf9161)] -> css selector: center:nth-child(2) > input:nth-child(1)]<br />
                                [18:02:59.7788862] Clicked on element: [[FirefoxDriver: firefox on windows (78196e5e-ff5b-429a-ad00-e5cfaddf9161)] -> css selector: center:nth-child(2) > input:nth-child(1)]<br />
                                [18:02:59.7788862] SEARCH BLOCK IS PRESENT<br />
                                [18:02:59.7788862] Search for element: [By.cssSelector: #rso>div]<br />
                                [18:02:59.7909384] Search for element: [By.name: q]<br />
                                [18:02:59.7989878] Found element: [[FirefoxDriver: firefox on windows (78196e5e-ff5b-429a-ad00-e5cfaddf9161)] -> name: q]<br />
                                [18:02:59.7989878] Search for element: [By.name: q]<br />
                                [18:02:59.8070113] Found element: [[FirefoxDriver: firefox on windows (78196e5e-ff5b-429a-ad00-e5cfaddf9161)] -> name: q]<br />
                                [18:02:59.8390369] Get the text from the element: 'textarea' - Selenium<br />
                                [18:02:59.8390369] Test 'searchResultsClickingSearchButtonOnDropDownMenu' success<br />
                  </div>
    

      </td>
</tr>
          <tr>
        <td colspan="3" class="group">com.google.tests.N_0003_SearchResultsClickingEnterButtonTest</td>
      </tr>
            
<tr>
  <td class="method">
                  searchResultsClickingEnterButton
      </td>
  <td class="duration">
    1.583s
  </td>
  <td class="result">
        
    
            <div class="testOutput">
                        [18:03:05.707592] Test 'searchResultsClickingEnterButton' is started<br />
                                <br /><span  style="font-weight: bold; color: #ff0000">STEP: GO TO https://www.google.com/</span><br />
                                [18:03:05.7171295] Navigate to https://www.google.com/<br />
                                [18:03:06.6922895] Navigated to: https://www.google.com/<br />
                                <br /><span  style="font-weight: bold; color: #ff0000">STEP: FILL IN SEARCH FIELD</span><br />
                                [18:03:06.7043598] Search for element: [By.name: q]<br />
                                [18:03:06.7249192] Found element: [[FirefoxDriver: firefox on windows (1270ef6e-d01e-4732-8d67-96668a3b637f)] -> name: q]<br />
                                [18:03:06.7794302] Search for element: [By.name: q]<br />
                                [18:03:06.7854435] Found element: [[FirefoxDriver: firefox on windows (1270ef6e-d01e-4732-8d67-96668a3b637f)] -> name: q]<br />
                                [18:03:06.7915246] Change value of textarea: Selenium
<br />
                                [18:03:06.8672571] Changed element: [[FirefoxDriver: firefox on windows (1270ef6e-d01e-4732-8d67-96668a3b637f)] -> name: q]<br />
                                <br /><span  style="font-weight: bold; color: #ff0000">STEP: CLICK ON ENTER BUTTON</span><br />
                                [18:03:06.8672571] Search for element: [By.name: q]<br />
                                [18:03:06.8755679] Found element: [[FirefoxDriver: firefox on windows (1270ef6e-d01e-4732-8d67-96668a3b637f)] -> name: q]<br />
                                [18:03:06.8956057] Search for element: [By.name: q]<br />
                                [18:03:06.9036498] Found element: [[FirefoxDriver: firefox on windows (1270ef6e-d01e-4732-8d67-96668a3b637f)] -> name: q]<br />
                                [18:03:06.9092593] Change value of textarea: 
<br />
                                [18:03:06.9358094] Changed element: [[FirefoxDriver: firefox on windows (1270ef6e-d01e-4732-8d67-96668a3b637f)] -> name: q]<br />
                                [18:03:06.9358094] SEARCH BLOCK IS PRESENT<br />
                                [18:03:06.9358094] Search for element: [By.cssSelector: #rso>div]<br />
                                [18:03:07.2488821] Search for element: [By.name: q]<br />
                                [18:03:07.252874] Found element: [[FirefoxDriver: firefox on windows (1270ef6e-d01e-4732-8d67-96668a3b637f)] -> name: q]<br />
                                [18:03:07.252874] Search for element: [By.name: q]<br />
                                [18:03:07.2568746] Found element: [[FirefoxDriver: firefox on windows (1270ef6e-d01e-4732-8d67-96668a3b637f)] -> name: q]<br />
                                [18:03:07.2849912] Get the text from the element: 'textarea' - Selenium<br />
                                [18:03:07.2909903] Test 'searchResultsClickingEnterButton' success<br />
                  </div>
    

      </td>
</tr>
          <tr>
        <td colspan="3" class="group">com.google.tests.N_0004_ClickSearchButtonWhenSearchFieldIsEmptyTest</td>
      </tr>
            
<tr>
  <td class="method">
                  clickSearchButtonWhenSearchFieldIsEmpty
      </td>
  <td class="duration">
    1.296s
  </td>
  <td class="result">
        
    
            <div class="testOutput">
                        [18:03:12.1045978] Test 'clickSearchButtonWhenSearchFieldIsEmpty' is started<br />
                                <br /><span  style="font-weight: bold; color: #ff0000">STEP: GO TO https://www.google.com/</span><br />
                                [18:03:12.1045978] Navigate to https://www.google.com/<br />
                                [18:03:13.0753428] Navigated to: https://www.google.com/<br />
                                <br /><span  style="font-weight: bold; color: #ff0000">STEP: CLICK ON SEARCH BUTTON UNDER SEARCH FIELD</span><br />
                                [18:03:13.0823443] Search for element: [By.cssSelector: center:nth-child(1) > input:nth-child(1)]<br />
                                [18:03:13.1013476] Found element: [[FirefoxDriver: firefox on windows (5c6a7021-d658-45d7-807c-d0b4caaa2a47)] -> css selector: center:nth-child(1) > input:nth-child(1)]<br />
                                [18:03:13.1356547] Search for element: [By.cssSelector: center:nth-child(1) > input:nth-child(1)]<br />
                                [18:03:13.1416538] Found element: [[FirefoxDriver: firefox on windows (5c6a7021-d658-45d7-807c-d0b4caaa2a47)] -> css selector: center:nth-child(1) > input:nth-child(1)]<br />
                                [18:03:13.1416538] Trying to click on element: [[FirefoxDriver: firefox on windows (5c6a7021-d658-45d7-807c-d0b4caaa2a47)] -> css selector: center:nth-child(1) > input:nth-child(1)]<br />
                                [18:03:13.3757915] Clicked on element: [[FirefoxDriver: firefox on windows (5c6a7021-d658-45d7-807c-d0b4caaa2a47)] -> css selector: center:nth-child(1) > input:nth-child(1)]<br />
                                [18:03:13.3757915] EMAIL LINK IS PRESENT<br />
                                [18:03:13.3757915] Search for element: [By.linkText: Gmail]<br />
                                [18:03:13.3997925] Test 'clickSearchButtonWhenSearchFieldIsEmpty' success<br />
                  </div>
    

      </td>
</tr>
      </table>
  
</body>
</html>
